{"/home/yashbansod/Documents/mern-space2/food_authentication/src/data-source.ts": {"path":"/home/yashbansod/Documents/mern-space2/food_authentication/src/data-source.ts","all":false,"statementMap":{"0":{"start":{"line":1,"column":0},"end":{"line":1,"column":26}},"1":{"start":{"line":2,"column":0},"end":{"line":2,"column":37}},"2":{"start":{"line":3,"column":0},"end":{"line":3,"column":37}},"3":{"start":{"line":4,"column":0},"end":{"line":4,"column":49}},"4":{"start":{"line":5,"column":0},"end":{"line":5,"column":51}},"5":{"start":{"line":6,"column":0},"end":{"line":6,"column":0}},"6":{"start":{"line":7,"column":0},"end":{"line":7,"column":45}},"7":{"start":{"line":8,"column":0},"end":{"line":8,"column":19}},"8":{"start":{"line":9,"column":0},"end":{"line":9,"column":36}},"9":{"start":{"line":10,"column":0},"end":{"line":10,"column":56}},"10":{"start":{"line":11,"column":0},"end":{"line":11,"column":40}},"11":{"start":{"line":12,"column":0},"end":{"line":12,"column":44}},"12":{"start":{"line":13,"column":0},"end":{"line":13,"column":44}},"13":{"start":{"line":14,"column":0},"end":{"line":14,"column":20}},"14":{"start":{"line":15,"column":0},"end":{"line":15,"column":17}},"15":{"start":{"line":16,"column":0},"end":{"line":16,"column":31}},"16":{"start":{"line":17,"column":0},"end":{"line":17,"column":17}},"17":{"start":{"line":18,"column":0},"end":{"line":18,"column":18}},"18":{"start":{"line":19,"column":0},"end":{"line":19,"column":3}}},"s":{"0":1,"1":1,"2":1,"3":1,"4":1,"5":1,"6":1,"7":1,"8":1,"9":1,"10":1,"11":1,"12":1,"13":1,"14":1,"15":1,"16":1,"17":1,"18":1},"branchMap":{"0":{"type":"branch","line":10,"loc":{"start":{"line":10,"column":44},"end":{"line":10,"column":54}},"locations":[{"start":{"line":10,"column":44},"end":{"line":10,"column":54}}]}},"b":{"0":[0]},"fnMap":{},"f":{}}
,"/home/yashbansod/Documents/mern-space2/food_authentication/src/server.ts": {"path":"/home/yashbansod/Documents/mern-space2/food_authentication/src/server.ts","all":false,"statementMap":{"0":{"start":{"line":1,"column":0},"end":{"line":1,"column":48}},"1":{"start":{"line":2,"column":0},"end":{"line":2,"column":47}},"2":{"start":{"line":3,"column":0},"end":{"line":3,"column":46}},"3":{"start":{"line":4,"column":0},"end":{"line":4,"column":60}},"4":{"start":{"line":5,"column":0},"end":{"line":5,"column":0}},"5":{"start":{"line":6,"column":0},"end":{"line":6,"column":44}},"6":{"start":{"line":7,"column":0},"end":{"line":7,"column":24}},"7":{"start":{"line":8,"column":0},"end":{"line":8,"column":5}},"8":{"start":{"line":9,"column":0},"end":{"line":9,"column":28}},"9":{"start":{"line":10,"column":0},"end":{"line":10,"column":24}},"10":{"start":{"line":11,"column":0},"end":{"line":11,"column":33}},"11":{"start":{"line":12,"column":0},"end":{"line":12,"column":36}},"12":{"start":{"line":13,"column":0},"end":{"line":13,"column":6}},"13":{"start":{"line":14,"column":0},"end":{"line":14,"column":42}},"14":{"start":{"line":15,"column":0},"end":{"line":15,"column":56}},"15":{"start":{"line":16,"column":0},"end":{"line":16,"column":6}},"16":{"start":{"line":17,"column":0},"end":{"line":17,"column":29}},"17":{"start":{"line":18,"column":0},"end":{"line":18,"column":31}},"18":{"start":{"line":19,"column":0},"end":{"line":19,"column":44}},"19":{"start":{"line":20,"column":0},"end":{"line":20,"column":0}},"20":{"start":{"line":21,"column":0},"end":{"line":21,"column":13}},"21":{"start":{"line":22,"column":0},"end":{"line":22,"column":2}}},"s":{"0":1,"1":1,"2":1,"3":1,"4":1,"5":1,"6":2,"7":2,"8":2,"9":2,"10":2,"11":1,"12":2,"13":2,"14":1,"15":2,"16":2,"17":2,"18":2,"19":2,"20":2,"21":2},"branchMap":{"0":{"type":"branch","line":6,"loc":{"start":{"line":6,"column":28},"end":{"line":22,"column":2}},"locations":[{"start":{"line":6,"column":28},"end":{"line":22,"column":2}}]},"1":{"type":"branch","line":11,"loc":{"start":{"line":11,"column":20},"end":{"line":13,"column":5}},"locations":[{"start":{"line":11,"column":20},"end":{"line":13,"column":5}}]},"2":{"type":"branch","line":14,"loc":{"start":{"line":14,"column":27},"end":{"line":16,"column":5}},"locations":[{"start":{"line":14,"column":27},"end":{"line":16,"column":5}}]}},"b":{"0":[2],"1":[1],"2":[1]},"fnMap":{"0":{"name":"createServer","decl":{"start":{"line":6,"column":28},"end":{"line":22,"column":2}},"loc":{"start":{"line":6,"column":28},"end":{"line":22,"column":2}},"line":6}},"f":{"0":2}}
,"/home/yashbansod/Documents/mern-space2/food_authentication/src/config/configuration.ts": {"path":"/home/yashbansod/Documents/mern-space2/food_authentication/src/config/configuration.ts","all":false,"statementMap":{"0":{"start":{"line":1,"column":0},"end":{"line":1,"column":32}},"1":{"start":{"line":2,"column":0},"end":{"line":2,"column":49}},"2":{"start":{"line":3,"column":0},"end":{"line":3,"column":0}},"3":{"start":{"line":4,"column":0},"end":{"line":4,"column":23}},"4":{"start":{"line":5,"column":0},"end":{"line":5,"column":25}},"5":{"start":{"line":6,"column":0},"end":{"line":6,"column":25}},"6":{"start":{"line":7,"column":0},"end":{"line":7,"column":13}},"7":{"start":{"line":8,"column":0},"end":{"line":8,"column":36}},"8":{"start":{"line":9,"column":0},"end":{"line":9,"column":36}},"9":{"start":{"line":10,"column":0},"end":{"line":10,"column":36}},"10":{"start":{"line":11,"column":0},"end":{"line":11,"column":44}},"11":{"start":{"line":12,"column":0},"end":{"line":12,"column":35}},"12":{"start":{"line":13,"column":0},"end":{"line":13,"column":4}},"13":{"start":{"line":14,"column":0},"end":{"line":14,"column":2}},"14":{"start":{"line":15,"column":0},"end":{"line":15,"column":0}},"15":{"start":{"line":16,"column":0},"end":{"line":16,"column":29}}},"s":{"0":1,"1":1,"2":1,"3":1,"4":1,"5":1,"6":1,"7":1,"8":1,"9":1,"10":1,"11":1,"12":1,"13":1,"14":1,"15":1},"branchMap":{},"b":{},"fnMap":{},"f":{}}
,"/home/yashbansod/Documents/mern-space2/food_authentication/src/controllers/restaurants.controller.ts": {"path":"/home/yashbansod/Documents/mern-space2/food_authentication/src/controllers/restaurants.controller.ts","all":false,"statementMap":{"0":{"start":{"line":1,"column":0},"end":{"line":1,"column":44}},"1":{"start":{"line":2,"column":0},"end":{"line":2,"column":64}},"2":{"start":{"line":3,"column":0},"end":{"line":3,"column":77}},"3":{"start":{"line":4,"column":0},"end":{"line":4,"column":0}},"4":{"start":{"line":5,"column":0},"end":{"line":5,"column":29}},"5":{"start":{"line":6,"column":0},"end":{"line":6,"column":64}},"6":{"start":{"line":7,"column":0},"end":{"line":7,"column":0}},"7":{"start":{"line":8,"column":0},"end":{"line":8,"column":45}},"8":{"start":{"line":9,"column":0},"end":{"line":9,"column":54}},"9":{"start":{"line":10,"column":0},"end":{"line":10,"column":38}},"10":{"start":{"line":11,"column":0},"end":{"line":11,"column":6}},"11":{"start":{"line":12,"column":0},"end":{"line":12,"column":19}},"12":{"start":{"line":13,"column":0},"end":{"line":13,"column":3}},"13":{"start":{"line":14,"column":0},"end":{"line":14,"column":0}},"14":{"start":{"line":15,"column":0},"end":{"line":15,"column":46}},"15":{"start":{"line":16,"column":0},"end":{"line":16,"column":64}},"16":{"start":{"line":17,"column":0},"end":{"line":17,"column":33}},"17":{"start":{"line":18,"column":0},"end":{"line":18,"column":3}},"18":{"start":{"line":19,"column":0},"end":{"line":19,"column":0}},"19":{"start":{"line":20,"column":0},"end":{"line":20,"column":46}},"20":{"start":{"line":21,"column":0},"end":{"line":21,"column":63}},"21":{"start":{"line":22,"column":0},"end":{"line":22,"column":24}},"22":{"start":{"line":23,"column":0},"end":{"line":23,"column":7}},"23":{"start":{"line":24,"column":0},"end":{"line":24,"column":26}},"24":{"start":{"line":25,"column":0},"end":{"line":25,"column":3}},"25":{"start":{"line":26,"column":0},"end":{"line":26,"column":0}},"26":{"start":{"line":27,"column":0},"end":{"line":27,"column":45}},"27":{"start":{"line":28,"column":0},"end":{"line":28,"column":60}},"28":{"start":{"line":29,"column":0},"end":{"line":29,"column":28}},"29":{"start":{"line":30,"column":0},"end":{"line":30,"column":38}},"30":{"start":{"line":31,"column":0},"end":{"line":31,"column":6}},"31":{"start":{"line":32,"column":0},"end":{"line":32,"column":25}},"32":{"start":{"line":33,"column":0},"end":{"line":33,"column":3}},"33":{"start":{"line":34,"column":0},"end":{"line":34,"column":0}},"34":{"start":{"line":35,"column":0},"end":{"line":35,"column":45}},"35":{"start":{"line":36,"column":0},"end":{"line":36,"column":61}},"36":{"start":{"line":37,"column":0},"end":{"line":37,"column":24}},"37":{"start":{"line":38,"column":0},"end":{"line":38,"column":7}},"38":{"start":{"line":39,"column":0},"end":{"line":39,"column":32}},"39":{"start":{"line":40,"column":0},"end":{"line":40,"column":3}},"40":{"start":{"line":41,"column":0},"end":{"line":41,"column":1}},"41":{"start":{"line":42,"column":0},"end":{"line":42,"column":0}},"42":{"start":{"line":43,"column":0},"end":{"line":43,"column":37}}},"s":{"0":1,"1":1,"2":1,"3":1,"4":1,"5":1,"6":1,"7":1,"8":0,"9":0,"10":0,"11":0,"12":0,"13":1,"14":1,"15":0,"16":0,"17":0,"18":1,"19":1,"20":0,"21":0,"22":0,"23":0,"24":0,"25":1,"26":1,"27":0,"28":0,"29":0,"30":0,"31":0,"32":0,"33":1,"34":1,"35":0,"36":0,"37":0,"38":0,"39":0,"40":1,"41":1,"42":1},"branchMap":{"0":{"type":"branch","line":5,"loc":{"start":{"line":5,"column":0},"end":{"line":41,"column":1}},"locations":[{"start":{"line":5,"column":0},"end":{"line":41,"column":1}}]},"1":{"type":"branch","line":6,"loc":{"start":{"line":6,"column":2},"end":{"line":6,"column":64}},"locations":[{"start":{"line":6,"column":2},"end":{"line":6,"column":64}}]}},"b":{"0":[1],"1":[1]},"fnMap":{"0":{"name":"RestaurantsController","decl":{"start":{"line":6,"column":2},"end":{"line":6,"column":64}},"loc":{"start":{"line":6,"column":2},"end":{"line":6,"column":64}},"line":6},"1":{"name":"Object.<anonymous>.RestaurantsController.create","decl":{"start":{"line":8,"column":2},"end":{"line":13,"column":3}},"loc":{"start":{"line":8,"column":2},"end":{"line":13,"column":3}},"line":8},"2":{"name":"Object.<anonymous>.RestaurantsController.findAll","decl":{"start":{"line":15,"column":2},"end":{"line":18,"column":3}},"loc":{"start":{"line":15,"column":2},"end":{"line":18,"column":3}},"line":15},"3":{"name":"Object.<anonymous>.RestaurantsController.findOne","decl":{"start":{"line":20,"column":2},"end":{"line":25,"column":3}},"loc":{"start":{"line":20,"column":2},"end":{"line":25,"column":3}},"line":20},"4":{"name":"Object.<anonymous>.RestaurantsController.update","decl":{"start":{"line":27,"column":2},"end":{"line":33,"column":3}},"loc":{"start":{"line":27,"column":2},"end":{"line":33,"column":3}},"line":27},"5":{"name":"Object.<anonymous>.RestaurantsController.delete","decl":{"start":{"line":35,"column":2},"end":{"line":40,"column":3}},"loc":{"start":{"line":35,"column":2},"end":{"line":40,"column":3}},"line":35}},"f":{"0":1,"1":0,"2":0,"3":0,"4":0,"5":0}}
,"/home/yashbansod/Documents/mern-space2/food_authentication/src/controllers/users.controller.ts": {"path":"/home/yashbansod/Documents/mern-space2/food_authentication/src/controllers/users.controller.ts","all":false,"statementMap":{"0":{"start":{"line":1,"column":0},"end":{"line":1,"column":44}},"1":{"start":{"line":2,"column":0},"end":{"line":2,"column":50}},"2":{"start":{"line":3,"column":0},"end":{"line":3,"column":64}},"3":{"start":{"line":4,"column":0},"end":{"line":4,"column":59}},"4":{"start":{"line":5,"column":0},"end":{"line":5,"column":0}},"5":{"start":{"line":6,"column":0},"end":{"line":6,"column":23}},"6":{"start":{"line":7,"column":0},"end":{"line":7,"column":14}},"7":{"start":{"line":8,"column":0},"end":{"line":8,"column":37}},"8":{"start":{"line":9,"column":0},"end":{"line":9,"column":51}},"9":{"start":{"line":10,"column":0},"end":{"line":10,"column":6}},"10":{"start":{"line":11,"column":0},"end":{"line":11,"column":0}},"11":{"start":{"line":12,"column":0},"end":{"line":12,"column":45}},"12":{"start":{"line":13,"column":0},"end":{"line":13,"column":64}},"13":{"start":{"line":14,"column":0},"end":{"line":14,"column":62}},"14":{"start":{"line":15,"column":0},"end":{"line":15,"column":44}},"15":{"start":{"line":16,"column":0},"end":{"line":16,"column":7}},"16":{"start":{"line":17,"column":0},"end":{"line":17,"column":0}},"17":{"start":{"line":18,"column":0},"end":{"line":18,"column":22}},"18":{"start":{"line":19,"column":0},"end":{"line":19,"column":35}},"19":{"start":{"line":20,"column":0},"end":{"line":20,"column":40}},"20":{"start":{"line":21,"column":0},"end":{"line":21,"column":9}},"21":{"start":{"line":22,"column":0},"end":{"line":22,"column":5}},"22":{"start":{"line":23,"column":0},"end":{"line":23,"column":0}},"23":{"start":{"line":24,"column":0},"end":{"line":24,"column":48}},"24":{"start":{"line":25,"column":0},"end":{"line":25,"column":14}},"25":{"start":{"line":26,"column":0},"end":{"line":26,"column":17}},"26":{"start":{"line":27,"column":0},"end":{"line":27,"column":7}},"27":{"start":{"line":28,"column":0},"end":{"line":28,"column":19}},"28":{"start":{"line":29,"column":0},"end":{"line":29,"column":3}},"29":{"start":{"line":30,"column":0},"end":{"line":30,"column":0}},"30":{"start":{"line":31,"column":0},"end":{"line":31,"column":46}},"31":{"start":{"line":32,"column":0},"end":{"line":32,"column":51}},"32":{"start":{"line":33,"column":0},"end":{"line":33,"column":27}},"33":{"start":{"line":34,"column":0},"end":{"line":34,"column":3}},"34":{"start":{"line":35,"column":0},"end":{"line":35,"column":0}},"35":{"start":{"line":36,"column":0},"end":{"line":36,"column":46}},"36":{"start":{"line":37,"column":0},"end":{"line":37,"column":71}},"37":{"start":{"line":38,"column":0},"end":{"line":38,"column":19}},"38":{"start":{"line":39,"column":0},"end":{"line":39,"column":3}},"39":{"start":{"line":40,"column":0},"end":{"line":40,"column":0}},"40":{"start":{"line":41,"column":0},"end":{"line":41,"column":45}},"41":{"start":{"line":42,"column":0},"end":{"line":42,"column":47}},"42":{"start":{"line":43,"column":0},"end":{"line":43,"column":28}},"43":{"start":{"line":44,"column":0},"end":{"line":44,"column":32}},"44":{"start":{"line":45,"column":0},"end":{"line":45,"column":6}},"45":{"start":{"line":46,"column":0},"end":{"line":46,"column":19}},"46":{"start":{"line":47,"column":0},"end":{"line":47,"column":3}},"47":{"start":{"line":48,"column":0},"end":{"line":48,"column":0}},"48":{"start":{"line":49,"column":0},"end":{"line":49,"column":45}},"49":{"start":{"line":50,"column":0},"end":{"line":50,"column":70}},"50":{"start":{"line":51,"column":0},"end":{"line":51,"column":26}},"51":{"start":{"line":52,"column":0},"end":{"line":52,"column":3}},"52":{"start":{"line":53,"column":0},"end":{"line":53,"column":1}},"53":{"start":{"line":54,"column":0},"end":{"line":54,"column":0}},"54":{"start":{"line":55,"column":0},"end":{"line":55,"column":31}}},"s":{"0":1,"1":1,"2":1,"3":1,"4":1,"5":1,"6":1,"7":1,"8":1,"9":1,"10":1,"11":1,"12":0,"13":0,"14":0,"15":0,"16":0,"17":0,"18":0,"19":0,"20":0,"21":0,"22":0,"23":0,"24":0,"25":0,"26":0,"27":0,"28":0,"29":1,"30":1,"31":0,"32":0,"33":0,"34":1,"35":1,"36":0,"37":0,"38":0,"39":1,"40":1,"41":0,"42":0,"43":0,"44":0,"45":0,"46":0,"47":1,"48":1,"49":0,"50":0,"51":0,"52":1,"53":1,"54":1},"branchMap":{"0":{"type":"branch","line":6,"loc":{"start":{"line":6,"column":0},"end":{"line":53,"column":1}},"locations":[{"start":{"line":6,"column":0},"end":{"line":53,"column":1}}]},"1":{"type":"branch","line":7,"loc":{"start":{"line":7,"column":2},"end":{"line":10,"column":6}},"locations":[{"start":{"line":7,"column":2},"end":{"line":10,"column":6}}]}},"b":{"0":[1],"1":[1]},"fnMap":{"0":{"name":"UsersController","decl":{"start":{"line":7,"column":2},"end":{"line":10,"column":6}},"loc":{"start":{"line":7,"column":2},"end":{"line":10,"column":6}},"line":7},"1":{"name":"Object.<anonymous>.UsersController.create","decl":{"start":{"line":12,"column":2},"end":{"line":29,"column":3}},"loc":{"start":{"line":12,"column":2},"end":{"line":29,"column":3}},"line":12},"2":{"name":"Object.<anonymous>.UsersController.findAll","decl":{"start":{"line":31,"column":2},"end":{"line":34,"column":3}},"loc":{"start":{"line":31,"column":2},"end":{"line":34,"column":3}},"line":31},"3":{"name":"Object.<anonymous>.UsersController.findOne","decl":{"start":{"line":36,"column":2},"end":{"line":39,"column":3}},"loc":{"start":{"line":36,"column":2},"end":{"line":39,"column":3}},"line":36},"4":{"name":"Object.<anonymous>.UsersController.update","decl":{"start":{"line":41,"column":2},"end":{"line":47,"column":3}},"loc":{"start":{"line":41,"column":2},"end":{"line":47,"column":3}},"line":41},"5":{"name":"Object.<anonymous>.UsersController.delete","decl":{"start":{"line":49,"column":2},"end":{"line":52,"column":3}},"loc":{"start":{"line":49,"column":2},"end":{"line":52,"column":3}},"line":49}},"f":{"0":1,"1":0,"2":0,"3":0,"4":0,"5":0}}
,"/home/yashbansod/Documents/mern-space2/food_authentication/src/entity/Restaurant.ts": {"path":"/home/yashbansod/Documents/mern-space2/food_authentication/src/entity/Restaurant.ts","all":false,"statementMap":{"0":{"start":{"line":1,"column":0},"end":{"line":1,"column":76}},"1":{"start":{"line":2,"column":0},"end":{"line":2,"column":30}},"2":{"start":{"line":3,"column":0},"end":{"line":3,"column":0}},"3":{"start":{"line":4,"column":0},"end":{"line":4,"column":22}},"4":{"start":{"line":5,"column":0},"end":{"line":5,"column":25}},"5":{"start":{"line":6,"column":0},"end":{"line":6,"column":27}},"6":{"start":{"line":7,"column":0},"end":{"line":7,"column":13}},"7":{"start":{"line":8,"column":0},"end":{"line":8,"column":0}},"8":{"start":{"line":9,"column":0},"end":{"line":9,"column":11}},"9":{"start":{"line":10,"column":0},"end":{"line":10,"column":15}},"10":{"start":{"line":11,"column":0},"end":{"line":11,"column":0}},"11":{"start":{"line":12,"column":0},"end":{"line":12,"column":51}},"12":{"start":{"line":13,"column":0},"end":{"line":13,"column":16}},"13":{"start":{"line":14,"column":0},"end":{"line":14,"column":1}}},"s":{"0":1,"1":1,"2":1,"3":1,"4":0,"5":0,"6":0,"7":0,"8":0,"9":0,"10":0,"11":0,"12":0,"13":0},"branchMap":{"0":{"type":"branch","line":5,"loc":{"start":{"line":5,"column":0},"end":{"line":14,"column":1}},"locations":[{"start":{"line":5,"column":0},"end":{"line":14,"column":1}}]}},"b":{"0":[1]},"fnMap":{"0":{"name":"Restaurant","decl":{"start":{"line":5,"column":0},"end":{"line":14,"column":1}},"loc":{"start":{"line":5,"column":0},"end":{"line":14,"column":1}},"line":5}},"f":{"0":0}}
,"/home/yashbansod/Documents/mern-space2/food_authentication/src/entity/User.ts": {"path":"/home/yashbansod/Documents/mern-space2/food_authentication/src/entity/User.ts","all":false,"statementMap":{"0":{"start":{"line":1,"column":0},"end":{"line":1,"column":76}},"1":{"start":{"line":2,"column":0},"end":{"line":2,"column":42}},"2":{"start":{"line":3,"column":0},"end":{"line":3,"column":0}},"3":{"start":{"line":4,"column":0},"end":{"line":4,"column":9}},"4":{"start":{"line":5,"column":0},"end":{"line":5,"column":19}},"5":{"start":{"line":6,"column":0},"end":{"line":6,"column":27}},"6":{"start":{"line":7,"column":0},"end":{"line":7,"column":13}},"7":{"start":{"line":8,"column":0},"end":{"line":8,"column":0}},"8":{"start":{"line":9,"column":0},"end":{"line":9,"column":11}},"9":{"start":{"line":10,"column":0},"end":{"line":10,"column":20}},"10":{"start":{"line":11,"column":0},"end":{"line":11,"column":0}},"11":{"start":{"line":12,"column":0},"end":{"line":12,"column":11}},"12":{"start":{"line":13,"column":0},"end":{"line":13,"column":19}},"13":{"start":{"line":14,"column":0},"end":{"line":14,"column":0}},"14":{"start":{"line":15,"column":0},"end":{"line":15,"column":11}},"15":{"start":{"line":16,"column":0},"end":{"line":16,"column":14}},"16":{"start":{"line":17,"column":0},"end":{"line":17,"column":0}},"17":{"start":{"line":18,"column":0},"end":{"line":18,"column":64}},"18":{"start":{"line":19,"column":0},"end":{"line":19,"column":25}},"19":{"start":{"line":20,"column":0},"end":{"line":20,"column":1}}},"s":{"0":1,"1":1,"2":1,"3":1,"4":0,"5":0,"6":0,"7":0,"8":0,"9":0,"10":0,"11":0,"12":0,"13":0,"14":0,"15":0,"16":0,"17":0,"18":0,"19":0},"branchMap":{"0":{"type":"branch","line":5,"loc":{"start":{"line":5,"column":0},"end":{"line":20,"column":1}},"locations":[{"start":{"line":5,"column":0},"end":{"line":20,"column":1}}]}},"b":{"0":[1]},"fnMap":{"0":{"name":"User","decl":{"start":{"line":5,"column":0},"end":{"line":20,"column":1}},"loc":{"start":{"line":5,"column":0},"end":{"line":20,"column":1}},"line":5}},"f":{"0":0}}
,"/home/yashbansod/Documents/mern-space2/food_authentication/src/routes/auth.router.ts": {"path":"/home/yashbansod/Documents/mern-space2/food_authentication/src/routes/auth.router.ts","all":false,"statementMap":{"0":{"start":{"line":1,"column":0},"end":{"line":1,"column":52}},"1":{"start":{"line":2,"column":0},"end":{"line":2,"column":24}},"2":{"start":{"line":3,"column":0},"end":{"line":3,"column":0}},"3":{"start":{"line":4,"column":0},"end":{"line":4,"column":59}},"4":{"start":{"line":5,"column":0},"end":{"line":5,"column":43}},"5":{"start":{"line":6,"column":0},"end":{"line":6,"column":3}},"6":{"start":{"line":7,"column":0},"end":{"line":7,"column":0}},"7":{"start":{"line":8,"column":0},"end":{"line":8,"column":56}},"8":{"start":{"line":9,"column":0},"end":{"line":9,"column":40}},"9":{"start":{"line":10,"column":0},"end":{"line":10,"column":3}},"10":{"start":{"line":11,"column":0},"end":{"line":11,"column":0}},"11":{"start":{"line":12,"column":0},"end":{"line":12,"column":22}}},"s":{"0":1,"1":1,"2":1,"3":1,"4":0,"5":1,"6":1,"7":1,"8":0,"9":1,"10":1,"11":1},"branchMap":{},"b":{},"fnMap":{},"f":{}}
,"/home/yashbansod/Documents/mern-space2/food_authentication/src/routes/restaurants.router.ts": {"path":"/home/yashbansod/Documents/mern-space2/food_authentication/src/routes/restaurants.router.ts","all":false,"statementMap":{"0":{"start":{"line":1,"column":0},"end":{"line":1,"column":33}},"1":{"start":{"line":2,"column":0},"end":{"line":2,"column":73}},"2":{"start":{"line":3,"column":0},"end":{"line":3,"column":64}},"3":{"start":{"line":4,"column":0},"end":{"line":4,"column":46}},"4":{"start":{"line":5,"column":0},"end":{"line":5,"column":49}},"5":{"start":{"line":6,"column":0},"end":{"line":6,"column":24}},"6":{"start":{"line":7,"column":0},"end":{"line":7,"column":0}},"7":{"start":{"line":8,"column":0},"end":{"line":8,"column":64}},"8":{"start":{"line":9,"column":0},"end":{"line":9,"column":67}},"9":{"start":{"line":10,"column":0},"end":{"line":10,"column":76}},"10":{"start":{"line":11,"column":0},"end":{"line":11,"column":0}},"11":{"start":{"line":12,"column":0},"end":{"line":12,"column":66}},"12":{"start":{"line":13,"column":0},"end":{"line":13,"column":75}},"13":{"start":{"line":14,"column":0},"end":{"line":14,"column":0}},"14":{"start":{"line":15,"column":0},"end":{"line":15,"column":66}},"15":{"start":{"line":16,"column":0},"end":{"line":16,"column":75}},"16":{"start":{"line":17,"column":0},"end":{"line":17,"column":0}},"17":{"start":{"line":18,"column":0},"end":{"line":18,"column":66}},"18":{"start":{"line":19,"column":0},"end":{"line":19,"column":78}},"19":{"start":{"line":20,"column":0},"end":{"line":20,"column":0}},"20":{"start":{"line":21,"column":0},"end":{"line":21,"column":66}},"21":{"start":{"line":22,"column":0},"end":{"line":22,"column":77}},"22":{"start":{"line":23,"column":0},"end":{"line":23,"column":0}},"23":{"start":{"line":24,"column":0},"end":{"line":24,"column":66}},"24":{"start":{"line":25,"column":0},"end":{"line":25,"column":80}},"25":{"start":{"line":26,"column":0},"end":{"line":26,"column":0}},"26":{"start":{"line":27,"column":0},"end":{"line":27,"column":22}}},"s":{"0":1,"1":1,"2":1,"3":1,"4":1,"5":1,"6":1,"7":1,"8":1,"9":1,"10":1,"11":1,"12":1,"13":1,"14":1,"15":1,"16":1,"17":1,"18":1,"19":1,"20":1,"21":1,"22":1,"23":1,"24":1,"25":1,"26":1},"branchMap":{},"b":{},"fnMap":{},"f":{}}
,"/home/yashbansod/Documents/mern-space2/food_authentication/src/routes/user.router.ts": {"path":"/home/yashbansod/Documents/mern-space2/food_authentication/src/routes/user.router.ts","all":false,"statementMap":{"0":{"start":{"line":1,"column":0},"end":{"line":1,"column":33}},"1":{"start":{"line":2,"column":0},"end":{"line":2,"column":61}},"2":{"start":{"line":3,"column":0},"end":{"line":3,"column":51}},"3":{"start":{"line":4,"column":0},"end":{"line":4,"column":64}},"4":{"start":{"line":5,"column":0},"end":{"line":5,"column":46}},"5":{"start":{"line":6,"column":0},"end":{"line":6,"column":37}},"6":{"start":{"line":7,"column":0},"end":{"line":7,"column":49}},"7":{"start":{"line":8,"column":0},"end":{"line":8,"column":24}},"8":{"start":{"line":9,"column":0},"end":{"line":9,"column":0}},"9":{"start":{"line":10,"column":0},"end":{"line":10,"column":58}},"10":{"start":{"line":11,"column":0},"end":{"line":11,"column":70}},"11":{"start":{"line":12,"column":0},"end":{"line":12,"column":55}},"12":{"start":{"line":13,"column":0},"end":{"line":13,"column":73}},"13":{"start":{"line":14,"column":0},"end":{"line":14,"column":78}},"14":{"start":{"line":15,"column":0},"end":{"line":15,"column":0}},"15":{"start":{"line":16,"column":0},"end":{"line":16,"column":66}},"16":{"start":{"line":17,"column":0},"end":{"line":17,"column":63}},"17":{"start":{"line":18,"column":0},"end":{"line":18,"column":0}},"18":{"start":{"line":19,"column":0},"end":{"line":19,"column":66}},"19":{"start":{"line":20,"column":0},"end":{"line":20,"column":63}},"20":{"start":{"line":21,"column":0},"end":{"line":21,"column":0}},"21":{"start":{"line":22,"column":0},"end":{"line":22,"column":66}},"22":{"start":{"line":23,"column":0},"end":{"line":23,"column":66}},"23":{"start":{"line":24,"column":0},"end":{"line":24,"column":0}},"24":{"start":{"line":25,"column":0},"end":{"line":25,"column":66}},"25":{"start":{"line":26,"column":0},"end":{"line":26,"column":65}},"26":{"start":{"line":27,"column":0},"end":{"line":27,"column":0}},"27":{"start":{"line":28,"column":0},"end":{"line":28,"column":66}},"28":{"start":{"line":29,"column":0},"end":{"line":29,"column":68}},"29":{"start":{"line":30,"column":0},"end":{"line":30,"column":0}},"30":{"start":{"line":31,"column":0},"end":{"line":31,"column":22}}},"s":{"0":1,"1":1,"2":1,"3":1,"4":1,"5":1,"6":1,"7":1,"8":1,"9":1,"10":1,"11":1,"12":1,"13":1,"14":1,"15":1,"16":1,"17":1,"18":1,"19":1,"20":1,"21":1,"22":1,"23":1,"24":1,"25":1,"26":1,"27":1,"28":1,"29":1,"30":1},"branchMap":{},"b":{},"fnMap":{},"f":{}}
,"/home/yashbansod/Documents/mern-space2/food_authentication/src/services/restaurants.service.ts": {"path":"/home/yashbansod/Documents/mern-space2/food_authentication/src/services/restaurants.service.ts","all":false,"statementMap":{"0":{"start":{"line":1,"column":0},"end":{"line":1,"column":49}},"1":{"start":{"line":2,"column":0},"end":{"line":2,"column":78}},"2":{"start":{"line":3,"column":0},"end":{"line":3,"column":82}},"3":{"start":{"line":4,"column":0},"end":{"line":4,"column":0}},"4":{"start":{"line":5,"column":0},"end":{"line":5,"column":19}},"5":{"start":{"line":6,"column":0},"end":{"line":6,"column":71}},"6":{"start":{"line":7,"column":0},"end":{"line":7,"column":62}},"7":{"start":{"line":8,"column":0},"end":{"line":8,"column":70}},"8":{"start":{"line":9,"column":0},"end":{"line":9,"column":3}},"9":{"start":{"line":10,"column":0},"end":{"line":10,"column":0}},"10":{"start":{"line":11,"column":0},"end":{"line":11,"column":36}},"11":{"start":{"line":12,"column":0},"end":{"line":12,"column":75}},"12":{"start":{"line":13,"column":0},"end":{"line":13,"column":3}},"13":{"start":{"line":14,"column":0},"end":{"line":14,"column":0}},"14":{"start":{"line":15,"column":0},"end":{"line":15,"column":75}},"15":{"start":{"line":16,"column":0},"end":{"line":16,"column":60}},"16":{"start":{"line":17,"column":0},"end":{"line":17,"column":3}},"17":{"start":{"line":18,"column":0},"end":{"line":18,"column":0}},"18":{"start":{"line":19,"column":0},"end":{"line":19,"column":9}},"19":{"start":{"line":20,"column":0},"end":{"line":20,"column":39}},"20":{"start":{"line":21,"column":0},"end":{"line":21,"column":60}},"21":{"start":{"line":22,"column":0},"end":{"line":22,"column":28}},"22":{"start":{"line":23,"column":0},"end":{"line":23,"column":78}},"23":{"start":{"line":24,"column":0},"end":{"line":24,"column":3}},"24":{"start":{"line":25,"column":0},"end":{"line":25,"column":0}},"25":{"start":{"line":26,"column":0},"end":{"line":26,"column":69}},"26":{"start":{"line":27,"column":0},"end":{"line":27,"column":57}},"27":{"start":{"line":28,"column":0},"end":{"line":28,"column":3}},"28":{"start":{"line":29,"column":0},"end":{"line":29,"column":1}},"29":{"start":{"line":30,"column":0},"end":{"line":30,"column":0}},"30":{"start":{"line":31,"column":0},"end":{"line":31,"column":27}}},"s":{"0":1,"1":1,"2":1,"3":1,"4":1,"5":1,"6":1,"7":0,"8":0,"9":1,"10":1,"11":0,"12":0,"13":1,"14":1,"15":0,"16":0,"17":1,"18":1,"19":0,"20":0,"21":0,"22":0,"23":0,"24":1,"25":1,"26":0,"27":0,"28":1,"29":1,"30":1},"branchMap":{"0":{"type":"branch","line":5,"loc":{"start":{"line":5,"column":0},"end":{"line":29,"column":1}},"locations":[{"start":{"line":5,"column":0},"end":{"line":29,"column":1}}]},"1":{"type":"branch","line":6,"loc":{"start":{"line":6,"column":2},"end":{"line":6,"column":71}},"locations":[{"start":{"line":6,"column":2},"end":{"line":6,"column":71}}]}},"b":{"0":[1],"1":[2]},"fnMap":{"0":{"name":"UserService","decl":{"start":{"line":6,"column":2},"end":{"line":6,"column":71}},"loc":{"start":{"line":6,"column":2},"end":{"line":6,"column":71}},"line":6},"1":{"name":"Object.<anonymous>.UserService.create","decl":{"start":{"line":7,"column":2},"end":{"line":9,"column":3}},"loc":{"start":{"line":7,"column":2},"end":{"line":9,"column":3}},"line":7},"2":{"name":"Object.<anonymous>.UserService.findAll","decl":{"start":{"line":11,"column":2},"end":{"line":13,"column":3}},"loc":{"start":{"line":11,"column":2},"end":{"line":13,"column":3}},"line":11},"3":{"name":"Object.<anonymous>.UserService.findOne","decl":{"start":{"line":15,"column":2},"end":{"line":17,"column":3}},"loc":{"start":{"line":15,"column":2},"end":{"line":17,"column":3}},"line":15},"4":{"name":"Object.<anonymous>.UserService.update","decl":{"start":{"line":19,"column":2},"end":{"line":24,"column":3}},"loc":{"start":{"line":19,"column":2},"end":{"line":24,"column":3}},"line":19},"5":{"name":"Object.<anonymous>.UserService.delete","decl":{"start":{"line":26,"column":2},"end":{"line":28,"column":3}},"loc":{"start":{"line":26,"column":2},"end":{"line":28,"column":3}},"line":26}},"f":{"0":2,"1":0,"2":0,"3":0,"4":0,"5":0}}
,"/home/yashbansod/Documents/mern-space2/food_authentication/src/services/user.service.ts": {"path":"/home/yashbansod/Documents/mern-space2/food_authentication/src/services/user.service.ts","all":false,"statementMap":{"0":{"start":{"line":1,"column":0},"end":{"line":1,"column":37}},"1":{"start":{"line":2,"column":0},"end":{"line":2,"column":78}},"2":{"start":{"line":3,"column":0},"end":{"line":3,"column":82}},"3":{"start":{"line":4,"column":0},"end":{"line":4,"column":0}},"4":{"start":{"line":5,"column":0},"end":{"line":5,"column":19}},"5":{"start":{"line":6,"column":0},"end":{"line":6,"column":59}},"6":{"start":{"line":7,"column":0},"end":{"line":7,"column":50}},"7":{"start":{"line":8,"column":0},"end":{"line":8,"column":58}},"8":{"start":{"line":9,"column":0},"end":{"line":9,"column":3}},"9":{"start":{"line":10,"column":0},"end":{"line":10,"column":0}},"10":{"start":{"line":11,"column":0},"end":{"line":11,"column":30}},"11":{"start":{"line":12,"column":0},"end":{"line":12,"column":39}},"12":{"start":{"line":13,"column":0},"end":{"line":13,"column":3}},"13":{"start":{"line":14,"column":0},"end":{"line":14,"column":0}},"14":{"start":{"line":15,"column":0},"end":{"line":15,"column":69}},"15":{"start":{"line":16,"column":0},"end":{"line":16,"column":54}},"16":{"start":{"line":17,"column":0},"end":{"line":17,"column":3}},"17":{"start":{"line":18,"column":0},"end":{"line":18,"column":0}},"18":{"start":{"line":19,"column":0},"end":{"line":19,"column":9}},"19":{"start":{"line":20,"column":0},"end":{"line":20,"column":39}},"20":{"start":{"line":21,"column":0},"end":{"line":21,"column":48}},"21":{"start":{"line":22,"column":0},"end":{"line":22,"column":28}},"22":{"start":{"line":23,"column":0},"end":{"line":23,"column":66}},"23":{"start":{"line":24,"column":0},"end":{"line":24,"column":3}},"24":{"start":{"line":25,"column":0},"end":{"line":25,"column":0}},"25":{"start":{"line":26,"column":0},"end":{"line":26,"column":69}},"26":{"start":{"line":27,"column":0},"end":{"line":27,"column":51}},"27":{"start":{"line":28,"column":0},"end":{"line":28,"column":3}},"28":{"start":{"line":29,"column":0},"end":{"line":29,"column":1}},"29":{"start":{"line":30,"column":0},"end":{"line":30,"column":0}},"30":{"start":{"line":31,"column":0},"end":{"line":31,"column":27}}},"s":{"0":1,"1":1,"2":1,"3":1,"4":1,"5":1,"6":1,"7":0,"8":0,"9":1,"10":1,"11":0,"12":0,"13":1,"14":1,"15":0,"16":0,"17":1,"18":1,"19":0,"20":0,"21":0,"22":0,"23":0,"24":1,"25":1,"26":0,"27":0,"28":1,"29":1,"30":1},"branchMap":{"0":{"type":"branch","line":5,"loc":{"start":{"line":5,"column":0},"end":{"line":29,"column":1}},"locations":[{"start":{"line":5,"column":0},"end":{"line":29,"column":1}}]},"1":{"type":"branch","line":6,"loc":{"start":{"line":6,"column":2},"end":{"line":6,"column":59}},"locations":[{"start":{"line":6,"column":2},"end":{"line":6,"column":59}}]}},"b":{"0":[1],"1":[1]},"fnMap":{"0":{"name":"UserService","decl":{"start":{"line":6,"column":2},"end":{"line":6,"column":59}},"loc":{"start":{"line":6,"column":2},"end":{"line":6,"column":59}},"line":6},"1":{"name":"Object.<anonymous>.UserService.create","decl":{"start":{"line":7,"column":2},"end":{"line":9,"column":3}},"loc":{"start":{"line":7,"column":2},"end":{"line":9,"column":3}},"line":7},"2":{"name":"Object.<anonymous>.UserService.findAll","decl":{"start":{"line":11,"column":2},"end":{"line":13,"column":3}},"loc":{"start":{"line":11,"column":2},"end":{"line":13,"column":3}},"line":11},"3":{"name":"Object.<anonymous>.UserService.findOne","decl":{"start":{"line":15,"column":2},"end":{"line":17,"column":3}},"loc":{"start":{"line":15,"column":2},"end":{"line":17,"column":3}},"line":15},"4":{"name":"Object.<anonymous>.UserService.update","decl":{"start":{"line":19,"column":2},"end":{"line":24,"column":3}},"loc":{"start":{"line":19,"column":2},"end":{"line":24,"column":3}},"line":19},"5":{"name":"Object.<anonymous>.UserService.delete","decl":{"start":{"line":26,"column":2},"end":{"line":28,"column":3}},"loc":{"start":{"line":26,"column":2},"end":{"line":28,"column":3}},"line":26}},"f":{"0":1,"1":0,"2":0,"3":0,"4":0,"5":0}}
}
