TN:
SF:src/data-source.ts
FNF:0
FNH:0
DA:1,1
DA:2,1
DA:3,1
DA:4,1
DA:5,1
DA:6,1
DA:7,1
DA:8,1
DA:9,1
DA:10,1
DA:11,1
DA:12,1
DA:13,1
DA:14,1
DA:15,1
DA:16,1
DA:17,1
DA:18,1
DA:19,1
LF:19
LH:19
BRDA:10,0,0,0
BRF:1
BRH:0
end_of_record
TN:
SF:src/server.ts
FN:6,createServer
FNF:1
FNH:1
FNDA:2,createServer
DA:1,1
DA:2,1
DA:3,1
DA:4,1
DA:5,1
DA:6,1
DA:7,2
DA:8,2
DA:9,2
DA:10,2
DA:11,2
DA:12,1
DA:13,2
DA:14,2
DA:15,1
DA:16,2
DA:17,2
DA:18,2
DA:19,2
DA:20,2
DA:21,2
DA:22,2
LF:22
LH:22
BRDA:6,0,0,2
BRDA:11,1,0,1
BRDA:14,2,0,1
BRF:3
BRH:3
end_of_record
TN:
SF:src/config/configuration.ts
FNF:0
FNH:0
DA:1,1
DA:2,1
DA:3,1
DA:4,1
DA:5,1
DA:6,1
DA:7,1
DA:8,1
DA:9,1
DA:10,1
DA:11,1
DA:12,1
DA:13,1
DA:14,1
DA:15,1
DA:16,1
LF:16
LH:16
BRF:0
BRH:0
end_of_record
TN:
SF:src/controllers/restaurants.controller.ts
FN:6,RestaurantsController
FN:8,Object.<anonymous>.RestaurantsController.create
FN:15,Object.<anonymous>.RestaurantsController.findAll
FN:20,Object.<anonymous>.RestaurantsController.findOne
FN:27,Object.<anonymous>.RestaurantsController.update
FN:35,Object.<anonymous>.RestaurantsController.delete
FNF:6
FNH:1
FNDA:1,RestaurantsController
FNDA:0,Object.<anonymous>.RestaurantsController.create
FNDA:0,Object.<anonymous>.RestaurantsController.findAll
FNDA:0,Object.<anonymous>.RestaurantsController.findOne
FNDA:0,Object.<anonymous>.RestaurantsController.update
FNDA:0,Object.<anonymous>.RestaurantsController.delete
DA:1,1
DA:2,1
DA:3,1
DA:4,1
DA:5,1
DA:6,1
DA:7,1
DA:8,1
DA:9,0
DA:10,0
DA:11,0
DA:12,0
DA:13,0
DA:14,1
DA:15,1
DA:16,0
DA:17,0
DA:18,0
DA:19,1
DA:20,1
DA:21,0
DA:22,0
DA:23,0
DA:24,0
DA:25,0
DA:26,1
DA:27,1
DA:28,0
DA:29,0
DA:30,0
DA:31,0
DA:32,0
DA:33,0
DA:34,1
DA:35,1
DA:36,0
DA:37,0
DA:38,0
DA:39,0
DA:40,0
DA:41,1
DA:42,1
DA:43,1
LF:43
LH:19
BRDA:5,0,0,1
BRDA:6,1,0,1
BRF:2
BRH:2
end_of_record
TN:
SF:src/controllers/users.controller.ts
FN:7,UsersController
FN:12,Object.<anonymous>.UsersController.create
FN:31,Object.<anonymous>.UsersController.findAll
FN:36,Object.<anonymous>.UsersController.findOne
FN:41,Object.<anonymous>.UsersController.update
FN:49,Object.<anonymous>.UsersController.delete
FNF:6
FNH:1
FNDA:1,UsersController
FNDA:0,Object.<anonymous>.UsersController.create
FNDA:0,Object.<anonymous>.UsersController.findAll
FNDA:0,Object.<anonymous>.UsersController.findOne
FNDA:0,Object.<anonymous>.UsersController.update
FNDA:0,Object.<anonymous>.UsersController.delete
DA:1,1
DA:2,1
DA:3,1
DA:4,1
DA:5,1
DA:6,1
DA:7,1
DA:8,1
DA:9,1
DA:10,1
DA:11,1
DA:12,1
DA:13,0
DA:14,0
DA:15,0
DA:16,0
DA:17,0
DA:18,0
DA:19,0
DA:20,0
DA:21,0
DA:22,0
DA:23,0
DA:24,0
DA:25,0
DA:26,0
DA:27,0
DA:28,0
DA:29,0
DA:30,1
DA:31,1
DA:32,0
DA:33,0
DA:34,0
DA:35,1
DA:36,1
DA:37,0
DA:38,0
DA:39,0
DA:40,1
DA:41,1
DA:42,0
DA:43,0
DA:44,0
DA:45,0
DA:46,0
DA:47,0
DA:48,1
DA:49,1
DA:50,0
DA:51,0
DA:52,0
DA:53,1
DA:54,1
DA:55,1
LF:55
LH:23
BRDA:6,0,0,1
BRDA:7,1,0,1
BRF:2
BRH:2
end_of_record
TN:
SF:src/entity/Restaurant.ts
FN:5,Restaurant
FNF:1
FNH:0
FNDA:0,Restaurant
DA:1,1
DA:2,1
DA:3,1
DA:4,1
DA:5,0
DA:6,0
DA:7,0
DA:8,0
DA:9,0
DA:10,0
DA:11,0
DA:12,0
DA:13,0
DA:14,0
LF:14
LH:4
BRDA:5,0,0,1
BRF:1
BRH:1
end_of_record
TN:
SF:src/entity/User.ts
FN:5,User
FNF:1
FNH:0
FNDA:0,User
DA:1,1
DA:2,1
DA:3,1
DA:4,1
DA:5,0
DA:6,0
DA:7,0
DA:8,0
DA:9,0
DA:10,0
DA:11,0
DA:12,0
DA:13,0
DA:14,0
DA:15,0
DA:16,0
DA:17,0
DA:18,0
DA:19,0
DA:20,0
LF:20
LH:4
BRDA:5,0,0,1
BRF:1
BRH:1
end_of_record
TN:
SF:src/routes/auth.router.ts
FNF:0
FNH:0
DA:1,1
DA:2,1
DA:3,1
DA:4,1
DA:5,0
DA:6,1
DA:7,1
DA:8,1
DA:9,0
DA:10,1
DA:11,1
DA:12,1
LF:12
LH:10
BRF:0
BRH:0
end_of_record
TN:
SF:src/routes/restaurants.router.ts
FNF:0
FNH:0
DA:1,1
DA:2,1
DA:3,1
DA:4,1
DA:5,1
DA:6,1
DA:7,1
DA:8,1
DA:9,1
DA:10,1
DA:11,1
DA:12,1
DA:13,1
DA:14,1
DA:15,1
DA:16,1
DA:17,1
DA:18,1
DA:19,1
DA:20,1
DA:21,1
DA:22,1
DA:23,1
DA:24,1
DA:25,1
DA:26,1
DA:27,1
LF:27
LH:27
BRF:0
BRH:0
end_of_record
TN:
SF:src/routes/user.router.ts
FNF:0
FNH:0
DA:1,1
DA:2,1
DA:3,1
DA:4,1
DA:5,1
DA:6,1
DA:7,1
DA:8,1
DA:9,1
DA:10,1
DA:11,1
DA:12,1
DA:13,1
DA:14,1
DA:15,1
DA:16,1
DA:17,1
DA:18,1
DA:19,1
DA:20,1
DA:21,1
DA:22,1
DA:23,1
DA:24,1
DA:25,1
DA:26,1
DA:27,1
DA:28,1
DA:29,1
DA:30,1
DA:31,1
LF:31
LH:31
BRF:0
BRH:0
end_of_record
TN:
SF:src/services/restaurants.service.ts
FN:6,UserService
FN:7,Object.<anonymous>.UserService.create
FN:11,Object.<anonymous>.UserService.findAll
FN:15,Object.<anonymous>.UserService.findOne
FN:19,Object.<anonymous>.UserService.update
FN:26,Object.<anonymous>.UserService.delete
FNF:6
FNH:1
FNDA:2,UserService
FNDA:0,Object.<anonymous>.UserService.create
FNDA:0,Object.<anonymous>.UserService.findAll
FNDA:0,Object.<anonymous>.UserService.findOne
FNDA:0,Object.<anonymous>.UserService.update
FNDA:0,Object.<anonymous>.UserService.delete
DA:1,1
DA:2,1
DA:3,1
DA:4,1
DA:5,1
DA:6,1
DA:7,1
DA:8,0
DA:9,0
DA:10,1
DA:11,1
DA:12,0
DA:13,0
DA:14,1
DA:15,1
DA:16,0
DA:17,0
DA:18,1
DA:19,1
DA:20,0
DA:21,0
DA:22,0
DA:23,0
DA:24,0
DA:25,1
DA:26,1
DA:27,0
DA:28,0
DA:29,1
DA:30,1
DA:31,1
LF:31
LH:18
BRDA:5,0,0,1
BRDA:6,1,0,2
BRF:2
BRH:2
end_of_record
TN:
SF:src/services/user.service.ts
FN:6,UserService
FN:7,Object.<anonymous>.UserService.create
FN:11,Object.<anonymous>.UserService.findAll
FN:15,Object.<anonymous>.UserService.findOne
FN:19,Object.<anonymous>.UserService.update
FN:26,Object.<anonymous>.UserService.delete
FNF:6
FNH:1
FNDA:1,UserService
FNDA:0,Object.<anonymous>.UserService.create
FNDA:0,Object.<anonymous>.UserService.findAll
FNDA:0,Object.<anonymous>.UserService.findOne
FNDA:0,Object.<anonymous>.UserService.update
FNDA:0,Object.<anonymous>.UserService.delete
DA:1,1
DA:2,1
DA:3,1
DA:4,1
DA:5,1
DA:6,1
DA:7,1
DA:8,0
DA:9,0
DA:10,1
DA:11,1
DA:12,0
DA:13,0
DA:14,1
DA:15,1
DA:16,0
DA:17,0
DA:18,1
DA:19,1
DA:20,0
DA:21,0
DA:22,0
DA:23,0
DA:24,0
DA:25,1
DA:26,1
DA:27,0
DA:28,0
DA:29,1
DA:30,1
DA:31,1
LF:31
LH:18
BRDA:5,0,0,1
BRDA:6,1,0,1
BRF:2
BRH:2
end_of_record
